<?xml version="1.0" encoding="UTF-8"?>
<testsuite xmlns:xsi="http://www.w3.org/2001/XMLSchema-instance" xsi:noNamespaceSchemaLocation="https://maven.apache.org/surefire/maven-surefire-plugin/xsd/surefire-test-report-3.0.xsd" version="3.0" name="tests.JournalFreeCategoryTest" time="11.762" tests="1" errors="0" skipped="0" failures="0">
  <properties>
[...]
</properties>
  <testcase name="testJournalFreeCategory" classname="tests.JournalFreeCategoryTest" time="10.841">
    <system-out><![CDATA[2024-07-18 15:10:35 INFO  JournalFreeCategoryTest:32 - Куки очищены
2024-07-18 15:10:35 INFO  JournalFreeCategoryTest:33 - Открытие главной страницы
2024-07-18 15:10:35 INFO  JournalFreeCategoryTest:43 - Начало теста: testJournalFreeCategory
2024-07-18 15:10:35 INFO  JournalFreeCategoryTest:44 - Нажатие на кнопку 'Журналы' на главной странице
2024-07-18 15:10:36 INFO  JournalFreeCategoryTest:47 - Выбор категории 'Бесплатные' на странице журналов
2024-07-18 15:10:37 INFO  JournalFreeCategoryTest:50 - Нажатие на кнопку 'Читать' на странице деталей журнала.
2024-07-18 15:10:38 INFO  JournalFreeCategoryTest:53 - Проверка открытия читалки журнала.
2024-07-18 15:10:39 INFO  JournalFreeCategoryTest:56 - Тест 'testJournalFreeCategory' завершен успешно.
]]></system-out>
    <system-err><![CDATA[SLF4J: Failed to load class "org.slf4j.impl.StaticLoggerBinder".
SLF4J: Defaulting to no-operation (NOP) logger implementation
SLF4J: See http://www.slf4j.org/codes.html#StaticLoggerBinder for further details.
Starting ChromeDriver 109.0.5414.74 (e7c5703604daa9cc128ccf5a5d3e993513758913-refs/branch-heads/5414@{#1172}) on port 21820
Only local connections are allowed.
Please see https://chromedriver.chromium.org/security-considerations for suggestions on keeping ChromeDriver safe.
ChromeDriver was started successfully.
июл. 18, 2024 3:10:34 PM org.openqa.selenium.remote.ProtocolHandshake createSession
INFO: Detected dialect: W3C
]]></system-err>
  </testcase>
</testsuite>